2025.10.29 12:45:49 INFO  Started: Metals version 1.6.3 in folders 'C:\SchoolWork\Scala' for client Visual Studio Code 1.105.1.
2025.10.29 12:45:53 WARN  Using H2 2.4.240 which is newer than the version Flyway has been verified with. The latest verified version of H2 is 2.3.232.
2025.10.29 12:45:53 INFO  skipping build import with status 'Dismissed'
2025.10.29 12:46:15 INFO  no build target found for C:\SchoolWork\Scala\src\main\scala\PatternMatching.scala. Using presentation compiler with project's scala-library version: 3.3.6
2025.10.29 12:46:15 WARN  no build target for: C:\SchoolWork\Scala\src\main\scala\PatternMatching.scala
2025.10.29 12:46:15 INFO  no build target found for C:\SchoolWork\Scala\src\main\scala\PatternMatching.scala. Using presentation compiler with project's scala-library version: 3.3.6
2025.10.29 12:46:15 INFO  no build target found for C:\SchoolWork\Scala\src\main\scala\PatternMatching.scala. Using presentation compiler with project's scala-library version: 3.3.6
2025.10.29 12:46:15 INFO  no build target found for C:\SchoolWork\Scala\src\main\scala\PatternMatching.scala. Using presentation compiler with project's scala-library version: 3.3.6
2025.10.29 12:46:16 INFO  no build target found for C:\SchoolWork\Scala\src\main\scala\PatternMatching.scala. Using presentation compiler with project's scala-library version: 3.3.6
2025.10.29 12:46:17 INFO  no build target found for C:\SchoolWork\Scala\src\main\scala\PatternMatching.scala. Using presentation compiler with project's scala-library version: 3.3.6
2025.10.29 12:46:17 INFO  time: code lens generation in 1.32s
2025.10.29 12:46:19 INFO  no build target found for C:\SchoolWork\Scala\src\main\scala\PatternMatching.scala. Using presentation compiler with project's scala-library version: 3.3.6
2025.10.29 12:46:19 INFO  no build target found for C:\SchoolWork\Scala\src\main\scala\PatternMatching.scala. Using presentation compiler with project's scala-library version: 3.3.6
2025.10.29 12:46:19 INFO  no build target found for C:\SchoolWork\Scala\src\main\scala\PatternMatching.scala. Using presentation compiler with project's scala-library version: 3.3.6
2025.10.29 12:47:05 INFO  no build target found for C:\SchoolWork\Scala\src\main\scala\PatternMatching.scala. Using presentation compiler with project's scala-library version: 3.3.6
2025.10.29 12:47:35 INFO  no build target found for C:\SchoolWork\Scala\src\main\scala\PatternMatching.scala. Using presentation compiler with project's scala-library version: 3.3.6
2025.10.29 12:47:45 INFO  no build target found for C:\SchoolWork\Scala\src\main\scala\PatternMatching.scala. Using presentation compiler with project's scala-library version: 3.3.6
2025.10.29 12:47:45 INFO  no build target found for C:\SchoolWork\Scala\src\main\scala\PatternMatching.scala. Using presentation compiler with project's scala-library version: 3.3.6
2025.10.29 13:33:00 INFO  no build target found for C:\SchoolWork\Scala\src\main\scala\PatternMatching.scala. Using presentation compiler with project's scala-library version: 3.3.6
2025.10.29 15:26:17 INFO  no build target found for C:\SchoolWork\Scala\src\main\scala\PatternMatching.scala. Using presentation compiler with project's scala-library version: 3.3.6
2025.10.29 20:14:03 INFO  Shutting down server
2025.10.29 20:14:03 INFO  shutting down Metals
2025.10.29 20:14:03 INFO  Exiting server
2025.10.30 15:05:24 INFO  Started: Metals version 1.6.3 in folders 'C:\SchoolWork\Scala' for client Visual Studio Code 1.105.1.
2025.10.30 15:05:25 WARN  Using H2 2.4.240 which is newer than the version Flyway has been verified with. The latest verified version of H2 is 2.3.232.
2025.10.30 15:05:25 INFO  skipping build import with status 'Dismissed'
2025.10.30 15:06:00 INFO  no build target found for C:\SchoolWork\Scala\src\main\scala\PatternMatching.scala. Using presentation compiler with project's scala-library version: 3.3.6
2025.10.30 15:06:00 WARN  no build target for: C:\SchoolWork\Scala\src\main\scala\PatternMatching.scala
2025.10.30 15:06:00 INFO  no build target found for C:\SchoolWork\Scala\src\main\scala\PatternMatching.scala. Using presentation compiler with project's scala-library version: 3.3.6
2025.10.30 15:06:01 INFO  no build target found for C:\SchoolWork\Scala\src\main\scala\PatternMatching.scala. Using presentation compiler with project's scala-library version: 3.3.6
2025.10.30 15:06:00 INFO  no build target found for C:\SchoolWork\Scala\src\main\scala\PatternMatching.scala. Using presentation compiler with project's scala-library version: 3.3.6
2025.10.30 15:06:01 INFO  no build target found for C:\SchoolWork\Scala\src\main\scala\PatternMatching.scala. Using presentation compiler with project's scala-library version: 3.3.6
2025.10.30 15:06:01 INFO  no build target found for C:\SchoolWork\Scala\src\main\scala\PatternMatching.scala. Using presentation compiler with project's scala-library version: 3.3.6
2025.10.30 15:06:01 INFO  no build target found for C:\SchoolWork\Scala\src\main\scala\PatternMatching.scala. Using presentation compiler with project's scala-library version: 3.3.6
2025.10.30 15:06:02 INFO  time: code lens generation in 1.57s
2025.10.30 15:06:11 INFO  Shutting down server
2025.10.30 15:06:11 INFO  shutting down Metals
2025.10.30 15:06:11 INFO  Exiting server
2025.11.01 12:40:02 INFO  Started: Metals version 1.6.3 in folders 'C:\SchoolWork\Scala' for client Visual Studio Code 1.105.1.
2025.11.01 12:40:02 WARN  Using H2 2.4.240 which is newer than the version Flyway has been verified with. The latest verified version of H2 is 2.3.232.
2025.11.01 12:40:02 INFO  no build target found for C:\SchoolWork\Scala\src\main\scala\PatternMatching.scala. Using presentation compiler with project's scala-library version: 3.3.6
Nov 01, 2025 12:40:08 PM org.eclipse.lsp4j.jsonrpc.RemoteEndpoint handleCancellation
WARNING: Unmatched cancel notification for request id 1
Nov 01, 2025 12:40:08 PM org.eclipse.lsp4j.jsonrpc.RemoteEndpoint handleCancellation
WARNING: Unmatched cancel notification for request id 2
2025.11.01 12:40:08 INFO  no build target found for C:\SchoolWork\Scala\src\main\scala\PatternMatching.scala. Using presentation compiler with project's scala-library version: 3.3.6
2025.11.01 12:40:08 INFO  no build target found for C:\SchoolWork\Scala\src\main\scala\parsec.scala. Using presentation compiler with project's scala-library version: 3.3.6
2025.11.01 12:40:08 INFO  skipping build import with status 'Dismissed'
2025.11.01 12:40:08 INFO  no build target found for C:\SchoolWork\Scala\src\main\scala\parsec.scala. Using presentation compiler with project's scala-library version: 3.3.6
2025.11.01 12:40:08 WARN  no build target for: C:\SchoolWork\Scala\src\main\scala\PatternMatching.scala
2025.11.01 12:40:08 WARN  no build target for: C:\SchoolWork\Scala\src\main\scala\parsec.scala
2025.11.01 12:40:08 INFO  no build target found for C:\SchoolWork\Scala\src\main\scala\parsec.scala. Using presentation compiler with project's scala-library version: 3.3.6
2025.11.01 12:40:08 INFO  no build target found for C:\SchoolWork\Scala\src\main\scala\parsec.scala. Using presentation compiler with project's scala-library version: 3.3.6
Nov 01, 2025 12:40:10 PM org.eclipse.lsp4j.jsonrpc.RemoteEndpoint handleCancellation
WARNING: Unmatched cancel notification for request id 4
Nov 01, 2025 12:40:10 PM org.eclipse.lsp4j.jsonrpc.RemoteEndpoint handleCancellation
WARNING: Unmatched cancel notification for request id 5
Nov 01, 2025 12:40:10 PM org.eclipse.lsp4j.jsonrpc.RemoteEndpoint handleCancellation
WARNING: Unmatched cancel notification for request id 6
Nov 01, 2025 12:40:10 PM org.eclipse.lsp4j.jsonrpc.RemoteEndpoint handleCancellation
WARNING: Unmatched cancel notification for request id 7
Nov 01, 2025 12:40:10 PM org.eclipse.lsp4j.jsonrpc.RemoteEndpoint handleCancellation
WARNING: Unmatched cancel notification for request id 8
2025.11.01 12:40:10 INFO  no build target found for C:\SchoolWork\Scala\src\main\scala\parsec.scala. Using presentation compiler with project's scala-library version: 3.3.6
Nov 01, 2025 12:40:10 PM org.eclipse.lsp4j.jsonrpc.RemoteEndpoint handleCancellation
WARNING: Unmatched cancel notification for request id 9
2025.11.01 12:40:10 INFO  no build target found for C:\SchoolWork\Scala\src\main\scala\PatternMatching.scala. Using presentation compiler with project's scala-library version: 3.3.6
2025.11.01 12:40:10 INFO  time: code lens generation in 2.1s
2025.11.01 12:42:42 INFO  no build target found for C:\SchoolWork\Scala\src\main\scala\Advanced.scala. Using presentation compiler with project's scala-library version: 3.3.6
2025.11.01 12:42:42 WARN  no build target for: C:\SchoolWork\Scala\src\main\scala\Advanced.scala
2025.11.01 12:42:42 INFO  no build target found for C:\SchoolWork\Scala\src\main\scala\Advanced.scala. Using presentation compiler with project's scala-library version: 3.3.6
2025.11.01 12:42:42 INFO  no build target found for C:\SchoolWork\Scala\src\main\scala\Advanced.scala. Using presentation compiler with project's scala-library version: 3.3.6
2025.11.01 12:42:42 INFO  no build target found for C:\SchoolWork\Scala\src\main\scala\Advanced.scala. Using presentation compiler with project's scala-library version: 3.3.6
2025.11.01 12:42:42 INFO  no build target found for C:\SchoolWork\Scala\src\main\scala\Advanced.scala. Using presentation compiler with project's scala-library version: 3.3.6
2025.11.01 12:42:49 INFO  no build target found for c:\SchoolWork\Scala\src\main\scala\Advanced.scala. Using presentation compiler with project's scala-library version: 3.3.6
2025.11.01 12:42:53 WARN  no build target for: C:\SchoolWork\Scala\src\main\scala\OOP.scala
2025.11.01 12:42:53 INFO  no build target found for C:\SchoolWork\Scala\src\main\scala\OOP.scala. Using presentation compiler with project's scala-library version: 3.3.6
2025.11.01 12:42:53 INFO  no build target found for C:\SchoolWork\Scala\src\main\scala\OOP.scala. Using presentation compiler with project's scala-library version: 3.3.6
2025.11.01 12:42:53 INFO  no build target found for C:\SchoolWork\Scala\src\main\scala\OOP.scala. Using presentation compiler with project's scala-library version: 3.3.6
2025.11.01 12:42:53 INFO  no build target found for C:\SchoolWork\Scala\src\main\scala\OOP.scala. Using presentation compiler with project's scala-library version: 3.3.6
2025.11.01 12:42:53 WARN  no build target for: C:\SchoolWork\Scala\src\main\scala\parsec.scala
2025.11.01 12:42:53 INFO  no build target found for C:\SchoolWork\Scala\src\main\scala\parsec.scala. Using presentation compiler with project's scala-library version: 3.3.6
2025.11.01 12:42:53 INFO  no build target found for C:\SchoolWork\Scala\src\main\scala\parsec.scala. Using presentation compiler with project's scala-library version: 3.3.6
2025.11.01 12:42:53 INFO  no build target found for C:\SchoolWork\Scala\src\main\scala\parsec.scala. Using presentation compiler with project's scala-library version: 3.3.6
2025.11.01 12:42:54 INFO  no build target found for C:\SchoolWork\Scala\src\main\scala\parsec.scala. Using presentation compiler with project's scala-library version: 3.3.6
2025.11.01 12:42:54 WARN  no build target for: C:\SchoolWork\Scala\src\main\scala\PatternMatching.scala
2025.11.01 12:42:54 INFO  no build target found for C:\SchoolWork\Scala\src\main\scala\PatternMatching.scala. Using presentation compiler with project's scala-library version: 3.3.6
2025.11.01 12:42:54 INFO  no build target found for C:\SchoolWork\Scala\src\main\scala\PatternMatching.scala. Using presentation compiler with project's scala-library version: 3.3.6
2025.11.01 12:42:55 INFO  no build target found for C:\SchoolWork\Scala\src\main\scala\PatternMatching.scala. Using presentation compiler with project's scala-library version: 3.3.6
2025.11.01 12:43:03 INFO  no build target found for C:\SchoolWork\Scala\src\main\scala\PatternMatching.scala. Using presentation compiler with project's scala-library version: 3.3.6
Nov 01, 2025 12:43:18 PM org.eclipse.lsp4j.jsonrpc.services.GenericEndpoint notify
INFO: Unsupported notification method: $/setTrace
2025.11.01 12:46:33 INFO  Shutting down server
2025.11.01 12:46:33 INFO  shutting down Metals
2025.11.01 12:46:33 INFO  Exiting server
2025.11.01 12:57:22 INFO  Started: Metals version 1.6.3 in folders 'C:\SchoolWork\Scala' for client Visual Studio Code 1.105.1.
2025.11.01 12:57:23 WARN  Using H2 2.4.240 which is newer than the version Flyway has been verified with. The latest verified version of H2 is 2.3.232.
2025.11.01 12:57:23 INFO  skipping build import with status 'Dismissed'
2025.11.01 13:00:17 INFO  no build target found for C:\SchoolWork\Scala\src\main\scala\PatternMatching.scala. Using presentation compiler with project's scala-library version: 3.3.6
2025.11.01 13:00:17 WARN  no build target for: C:\SchoolWork\Scala\src\main\scala\PatternMatching.scala
2025.11.01 13:00:17 INFO  no build target found for C:\SchoolWork\Scala\src\main\scala\PatternMatching.scala. Using presentation compiler with project's scala-library version: 3.3.6
2025.11.01 13:00:17 INFO  no build target found for C:\SchoolWork\Scala\src\main\scala\PatternMatching.scala. Using presentation compiler with project's scala-library version: 3.3.6
2025.11.01 13:00:18 INFO  no build target found for C:\SchoolWork\Scala\src\main\scala\PatternMatching.scala. Using presentation compiler with project's scala-library version: 3.3.6
2025.11.01 13:00:20 INFO  no build target found for C:\SchoolWork\Scala\src\main\scala\PatternMatching.scala. Using presentation compiler with project's scala-library version: 3.3.6
2025.11.01 13:00:22 INFO  no build target found for C:\SchoolWork\Scala\src\main\scala\PatternMatching.scala. Using presentation compiler with project's scala-library version: 3.3.6
2025.11.01 13:02:02 INFO  no build target found for C:\SchoolWork\Scala\src\main\scala\Advanced.scala. Using presentation compiler with project's scala-library version: 3.3.6
2025.11.01 13:02:02 WARN  no build target for: C:\SchoolWork\Scala\src\main\scala\Advanced.scala
2025.11.01 13:02:02 INFO  no build target found for C:\SchoolWork\Scala\src\main\scala\Advanced.scala. Using presentation compiler with project's scala-library version: 3.3.6
2025.11.01 13:02:02 INFO  no build target found for C:\SchoolWork\Scala\src\main\scala\Advanced.scala. Using presentation compiler with project's scala-library version: 3.3.6
2025.11.01 13:02:02 INFO  no build target found for C:\SchoolWork\Scala\src\main\scala\Advanced.scala. Using presentation compiler with project's scala-library version: 3.3.6
2025.11.01 13:02:02 INFO  no build target found for C:\SchoolWork\Scala\src\main\scala\Advanced.scala. Using presentation compiler with project's scala-library version: 3.3.6
2025.11.01 13:02:03 INFO  no build target found for C:\SchoolWork\Scala\src\main\scala\Advanced.scala. Using presentation compiler with project's scala-library version: 3.3.6
2025.11.01 13:02:03 INFO  no build target found for C:\SchoolWork\Scala\src\main\scala\Advanced.scala. Using presentation compiler with project's scala-library version: 3.3.6
2025.11.01 13:02:03 INFO  no build target found for C:\SchoolWork\Scala\src\main\scala\Advanced.scala. Using presentation compiler with project's scala-library version: 3.3.6
2025.11.01 13:02:03 INFO  no build target found for C:\SchoolWork\Scala\src\main\scala\Advanced.scala. Using presentation compiler with project's scala-library version: 3.3.6
2025.11.01 13:02:04 INFO  no build target found for C:\SchoolWork\Scala\src\main\scala\Advanced.scala. Using presentation compiler with project's scala-library version: 3.3.6
2025.11.01 13:02:06 INFO  no build target found for C:\SchoolWork\Scala\src\main\scala\Advanced.scala. Using presentation compiler with project's scala-library version: 3.3.6
2025.11.01 13:02:07 INFO  no build target found for C:\SchoolWork\Scala\src\main\scala\Advanced.scala. Using presentation compiler with project's scala-library version: 3.3.6
2025.11.01 13:02:09 INFO  no build target found for C:\SchoolWork\Scala\src\main\scala\Advanced.scala. Using presentation compiler with project's scala-library version: 3.3.6
2025.11.01 13:02:12 WARN  no build target for: C:\SchoolWork\Scala\src\main\scala\Basics.scala
2025.11.01 13:02:12 INFO  no build target found for C:\SchoolWork\Scala\src\main\scala\Basics.scala. Using presentation compiler with project's scala-library version: 3.3.6
2025.11.01 13:02:12 INFO  no build target found for C:\SchoolWork\Scala\src\main\scala\Basics.scala. Using presentation compiler with project's scala-library version: 3.3.6
2025.11.01 13:02:12 INFO  no build target found for C:\SchoolWork\Scala\src\main\scala\Basics.scala. Using presentation compiler with project's scala-library version: 3.3.6
2025.11.01 13:02:12 INFO  no build target found for C:\SchoolWork\Scala\src\main\scala\Basics.scala. Using presentation compiler with project's scala-library version: 3.3.6
2025.11.01 13:02:12 INFO  no build target found for C:\SchoolWork\Scala\src\main\scala\Basics.scala. Using presentation compiler with project's scala-library version: 3.3.6
2025.11.01 13:02:14 INFO  no build target found for C:\SchoolWork\Scala\src\main\scala\Basics.scala. Using presentation compiler with project's scala-library version: 3.3.6
2025.11.01 13:02:16 INFO  no build target found for C:\SchoolWork\Scala\src\main\scala\Basics.scala. Using presentation compiler with project's scala-library version: 3.3.6
2025.11.01 13:02:16 WARN  no build target for: C:\SchoolWork\Scala\src\main\scala\FunctionalProgramming.scala
2025.11.01 13:02:16 INFO  no build target found for C:\SchoolWork\Scala\src\main\scala\FunctionalProgramming.scala. Using presentation compiler with project's scala-library version: 3.3.6
2025.11.01 13:02:16 INFO  no build target found for C:\SchoolWork\Scala\src\main\scala\FunctionalProgramming.scala. Using presentation compiler with project's scala-library version: 3.3.6
2025.11.01 13:02:16 INFO  no build target found for C:\SchoolWork\Scala\src\main\scala\FunctionalProgramming.scala. Using presentation compiler with project's scala-library version: 3.3.6
2025.11.01 13:02:16 INFO  no build target found for C:\SchoolWork\Scala\src\main\scala\FunctionalProgramming.scala. Using presentation compiler with project's scala-library version: 3.3.6
2025.11.01 13:02:16 INFO  no build target found for C:\SchoolWork\Scala\src\main\scala\FunctionalProgramming.scala. Using presentation compiler with project's scala-library version: 3.3.6
2025.11.01 13:02:18 INFO  no build target found for C:\SchoolWork\Scala\src\main\scala\FunctionalProgramming.scala. Using presentation compiler with project's scala-library version: 3.3.6
2025.11.01 13:02:18 WARN  no build target for: C:\SchoolWork\Scala\src\main\scala\functor.scala
2025.11.01 13:02:18 INFO  no build target found for C:\SchoolWork\Scala\src\main\scala\functor.scala. Using presentation compiler with project's scala-library version: 3.3.6
2025.11.01 13:02:18 INFO  no build target found for C:\SchoolWork\Scala\src\main\scala\functor.scala. Using presentation compiler with project's scala-library version: 3.3.6
2025.11.01 13:02:18 INFO  no build target found for C:\SchoolWork\Scala\src\main\scala\functor.scala. Using presentation compiler with project's scala-library version: 3.3.6
2025.11.01 13:02:18 WARN  Could not find semantic tokens for: file:///C:/SchoolWork/Scala/src/main/scala/functor.scala
2025.11.01 13:02:18 INFO  no build target found for C:\SchoolWork\Scala\src\main\scala\functor.scala. Using presentation compiler with project's scala-library version: 3.3.6
2025.11.01 13:02:18 INFO  no build target found for C:\SchoolWork\Scala\src\main\scala\functor.scala. Using presentation compiler with project's scala-library version: 3.3.6
2025.11.01 13:02:18 WARN  Could not find semantic tokens for: file:///C:/SchoolWork/Scala/src/main/scala/functor.scala
2025.11.01 13:02:19 INFO  no build target found for C:\SchoolWork\Scala\src\main\scala\functor.scala. Using presentation compiler with project's scala-library version: 3.3.6
2025.11.01 13:02:18 WARN  no build target for: C:\SchoolWork\Scala\src\main\scala\OOP.scala
2025.11.01 13:02:19 INFO  no build target found for C:\SchoolWork\Scala\src\main\scala\OOP.scala. Using presentation compiler with project's scala-library version: 3.3.6
2025.11.01 13:02:19 INFO  no build target found for C:\SchoolWork\Scala\src\main\scala\OOP.scala. Using presentation compiler with project's scala-library version: 3.3.6
2025.11.01 13:02:18 INFO  no build target found for C:\SchoolWork\Scala\src\main\scala\OOP.scala. Using presentation compiler with project's scala-library version: 3.3.6
2025.11.01 13:02:18 INFO  no build target found for C:\SchoolWork\Scala\src\main\scala\OOP.scala. Using presentation compiler with project's scala-library version: 3.3.6
2025.11.01 13:02:19 INFO  no build target found for C:\SchoolWork\Scala\src\main\scala\OOP.scala. Using presentation compiler with project's scala-library version: 3.3.6
2025.11.01 13:02:21 INFO  no build target found for C:\SchoolWork\Scala\src\main\scala\OOP.scala. Using presentation compiler with project's scala-library version: 3.3.6
2025.11.01 13:02:21 INFO  no build target found for C:\SchoolWork\Scala\src\main\scala\parsec.scala. Using presentation compiler with project's scala-library version: 3.3.6
2025.11.01 13:02:21 WARN  no build target for: C:\SchoolWork\Scala\src\main\scala\parsec.scala
2025.11.01 13:02:21 INFO  no build target found for C:\SchoolWork\Scala\src\main\scala\parsec.scala. Using presentation compiler with project's scala-library version: 3.3.6
2025.11.01 13:02:21 INFO  no build target found for C:\SchoolWork\Scala\src\main\scala\parsec.scala. Using presentation compiler with project's scala-library version: 3.3.6
2025.11.01 13:02:21 INFO  no build target found for C:\SchoolWork\Scala\src\main\scala\parsec.scala. Using presentation compiler with project's scala-library version: 3.3.6
2025.11.01 13:02:21 INFO  no build target found for C:\SchoolWork\Scala\src\main\scala\parsec.scala. Using presentation compiler with project's scala-library version: 3.3.6
2025.11.01 13:02:22 INFO  no build target found for C:\SchoolWork\Scala\src\main\scala\parsec.scala. Using presentation compiler with project's scala-library version: 3.3.6
2025.11.01 13:02:22 INFO  no build target found for C:\SchoolWork\Scala\src\main\scala\PatternMatching.scala. Using presentation compiler with project's scala-library version: 3.3.6
2025.11.01 13:02:22 WARN  no build target for: C:\SchoolWork\Scala\src\main\scala\PatternMatching.scala
2025.11.01 13:02:22 INFO  no build target found for C:\SchoolWork\Scala\src\main\scala\PatternMatching.scala. Using presentation compiler with project's scala-library version: 3.3.6
2025.11.01 13:02:22 INFO  no build target found for C:\SchoolWork\Scala\src\main\scala\PatternMatching.scala. Using presentation compiler with project's scala-library version: 3.3.6
2025.11.01 13:02:22 INFO  no build target found for C:\SchoolWork\Scala\src\main\scala\PatternMatching.scala. Using presentation compiler with project's scala-library version: 3.3.6
2025.11.01 13:02:22 INFO  no build target found for C:\SchoolWork\Scala\src\main\scala\PatternMatching.scala. Using presentation compiler with project's scala-library version: 3.3.6
2025.11.01 13:02:23 INFO  no build target found for C:\SchoolWork\Scala\src\main\scala\PatternMatching.scala. Using presentation compiler with project's scala-library version: 3.3.6
2025.11.01 13:02:24 INFO  no build target found for C:\SchoolWork\Scala\src\main\scala\PatternMatching.scala. Using presentation compiler with project's scala-library version: 3.3.6
2025.11.01 13:02:26 INFO  no build target found for C:\SchoolWork\Scala\src\main\scala\PatternMatching.scala. Using presentation compiler with project's scala-library version: 3.3.6
2025.11.01 13:02:26 INFO  no build target found for C:\SchoolWork\Scala\src\main\scala\Basics.scala. Using presentation compiler with project's scala-library version: 3.3.6
2025.11.01 13:02:26 WARN  no build target for: C:\SchoolWork\Scala\src\main\scala\Basics.scala
2025.11.01 13:02:26 INFO  no build target found for C:\SchoolWork\Scala\src\main\scala\Basics.scala. Using presentation compiler with project's scala-library version: 3.3.6
2025.11.01 13:02:26 INFO  no build target found for C:\SchoolWork\Scala\src\main\scala\Basics.scala. Using presentation compiler with project's scala-library version: 3.3.6
2025.11.01 13:02:27 INFO  no build target found for C:\SchoolWork\Scala\src\main\scala\Basics.scala. Using presentation compiler with project's scala-library version: 3.3.6
2025.11.01 13:02:26 INFO  no build target found for C:\SchoolWork\Scala\src\main\scala\Basics.scala. Using presentation compiler with project's scala-library version: 3.3.6
2025.11.01 13:02:27 INFO  no build target found for C:\SchoolWork\Scala\src\main\scala\Basics.scala. Using presentation compiler with project's scala-library version: 3.3.6
2025.11.01 13:03:25 INFO  no build target found for C:\SchoolWork\Scala\src\main\scala\Basics.scala. Using presentation compiler with project's scala-library version: 3.3.6
2025.11.01 13:03:29 WARN  no build target for: C:\SchoolWork\Scala\src\main\scala\Basics.scala
2025.11.01 13:03:29 INFO  no build target found for C:\SchoolWork\Scala\src\main\scala\Basics.scala. Using presentation compiler with project's scala-library version: 3.3.6
2025.11.01 13:03:29 INFO  no build target found for C:\SchoolWork\Scala\src\main\scala\Basics.scala. Using presentation compiler with project's scala-library version: 3.3.6
2025.11.01 13:03:34 INFO  no build target found for C:\SchoolWork\Scala\src\main\scala\Basics.scala. Using presentation compiler with project's scala-library version: 3.3.6
2025.11.01 13:06:30 INFO  no build target found for C:\SchoolWork\Scala\src\main\scala\Basics.scala. Using presentation compiler with project's scala-library version: 3.3.6
2025.11.01 13:16:20 INFO  no build target found for C:\SchoolWork\Scala\src\main\scala\Basics.scala. Using presentation compiler with project's scala-library version: 3.3.6
2025.11.01 13:16:20 INFO  no build target found for C:\SchoolWork\Scala\src\main\scala\parsec.scala. Using presentation compiler with project's scala-library version: 3.3.6
2025.11.01 13:16:20 WARN  no build target for: C:\SchoolWork\Scala\src\main\scala\parsec.scala
2025.11.01 13:16:20 INFO  no build target found for C:\SchoolWork\Scala\src\main\scala\parsec.scala. Using presentation compiler with project's scala-library version: 3.3.6
2025.11.01 13:16:20 INFO  no build target found for C:\SchoolWork\Scala\src\main\scala\parsec.scala. Using presentation compiler with project's scala-library version: 3.3.6
2025.11.01 13:16:20 INFO  no build target found for C:\SchoolWork\Scala\src\main\scala\parsec.scala. Using presentation compiler with project's scala-library version: 3.3.6
2025.11.01 13:16:20 INFO  no build target found for C:\SchoolWork\Scala\src\main\scala\parsec.scala. Using presentation compiler with project's scala-library version: 3.3.6
2025.11.01 13:16:20 INFO  no build target found for C:\SchoolWork\Scala\src\main\scala\parsec.scala. Using presentation compiler with project's scala-library version: 3.3.6
2025.11.01 13:16:23 INFO  no build target found for C:\SchoolWork\Scala\src\main\scala\parsec.scala. Using presentation compiler with project's scala-library version: 3.3.6
2025.11.01 13:16:27 INFO  no build target found for C:\SchoolWork\Scala\src\main\scala\parsec.scala. Using presentation compiler with project's scala-library version: 3.3.6
2025.11.01 13:16:27 INFO  no build target found for C:\SchoolWork\Scala\src\main\scala\parsec.scala. Using presentation compiler with project's scala-library version: 3.3.6
2025.11.01 13:16:29 INFO  no build target found for C:\SchoolWork\Scala\src\main\scala\parsec.scala. Using presentation compiler with project's scala-library version: 3.3.6
2025.11.01 13:47:10 INFO  Shutting down server
2025.11.01 13:47:10 INFO  shutting down Metals
2025.11.01 13:47:10 INFO  Exiting server
2025.11.01 14:01:20 INFO  Started: Metals version 1.6.3 in folders 'C:\SchoolWork\Scala' for client Visual Studio Code 1.105.1.
2025.11.01 14:01:20 WARN  Using H2 2.4.240 which is newer than the version Flyway has been verified with. The latest verified version of H2 is 2.3.232.
2025.11.01 14:01:20 INFO  skipping build import with status 'Dismissed'
